<?xml version="1.0" encoding="UTF-8"?>
<testsuite xmlns:xsi="http://www.w3.org/2001/XMLSchema-instance" xsi:noNamespaceSchemaLocation="https://maven.apache.org/surefire/maven-surefire-plugin/xsd/surefire-test-report.xsd" version="3.0.2" name="com.smartcrop.backend.controller.BuyerControllerTest" time="6.882" tests="2" errors="0" skipped="0" failures="0">
  <properties>
[...]
</properties>
  <testcase name="getBuyersReturnsList" classname="com.smartcrop.backend.controller.BuyerControllerTest" time="0.496">
    <system-out><![CDATA[Standard Commons Logging discovery in action with spring-jcl: please remove commons-logging.jar from classpath in order to avoid potential conflicts
15:32:30.394 [main] INFO org.springframework.test.context.support.AnnotationConfigContextLoaderUtils -- Could not detect default configuration classes for test class [com.smartcrop.backend.controller.BuyerControllerTest]: BuyerControllerTest does not declare any static, non-private, non-final, nested classes annotated with @Configuration.
15:32:30.825 [main] INFO org.springframework.boot.test.context.SpringBootTestContextBootstrapper -- Found @SpringBootConfiguration com.smartcrop.backend.SpringBackendApplication for test class com.smartcrop.backend.controller.BuyerControllerTest

  .   ____          _            __ _ _
 /\\ / ___'_ __ _ _(_)_ __  __ _ \ \ \ \
( ( )\___ | '_ | '_| | '_ \/ _` | \ \ \ \
 \\/  ___)| |_)| | | | | || (_| |  ) ) ) )
  '  |____| .__|_| |_|_| |_\__, | / / / /
 =========|_|==============|___/=/_/_/_/

 :: Spring Boot ::                (v3.4.4)

2026-08-21T15:32:31.706+05:30  INFO 6536 --- [spring-backend] [           main] c.s.b.controller.BuyerControllerTest     : Starting BuyerControllerTest using Java 24.0.2 with PID 6536 (started by ASUS in C:\Users\ASUS\Desktop\Final year\FYP\apps\Backend\Spring_Backend)
2026-08-21T15:32:31.708+05:30  INFO 6536 --- [spring-backend] [           main] c.s.b.controller.BuyerControllerTest     : No active profile set, falling back to 1 default profile: "default"
2026-08-21T15:32:35.577+05:30  INFO 6536 --- [spring-backend] [           main] o.s.b.t.m.w.SpringBootMockServletContext : Initializing Spring TestDispatcherServlet ''
2026-08-21T15:32:35.578+05:30  INFO 6536 --- [spring-backend] [           main] o.s.t.web.servlet.TestDispatcherServlet  : Initializing Servlet ''
2026-08-21T15:32:35.581+05:30  INFO 6536 --- [spring-backend] [           main] o.s.t.web.servlet.TestDispatcherServlet  : Completed initialization in 2 ms
2026-08-21T15:32:35.631+05:30  INFO 6536 --- [spring-backend] [           main] c.s.b.controller.BuyerControllerTest     : Started BuyerControllerTest in 4.665 seconds (process running for 7.846)
]]></system-out>
    <system-err><![CDATA[Mockito is currently self-attaching to enable the inline-mock-maker. This will no longer work in future releases of the JDK. Please add Mockito as an agent to your build what is described in Mockito's documentation: https://javadoc.io/doc/org.mockito/mockito-core/latest/org/mockito/Mockito.html#0.3
WARNING: A Java agent has been loaded dynamically (C:\Users\ASUS\.m2\repository\net\bytebuddy\byte-buddy-agent\1.15.11\byte-buddy-agent-1.15.11.jar)
WARNING: If a serviceability tool is in use, please run with -XX:+EnableDynamicAgentLoading to hide this warning
WARNING: If a serviceability tool is not in use, please run with -Djdk.instrument.traceUsage for more information
WARNING: Dynamic loading of agents will be disallowed by default in a future release
]]></system-err>
  </testcase>
  <testcase name="createBuyerReturnsBuyerCode" classname="com.smartcrop.backend.controller.BuyerControllerTest" time="0.302"/>
</testsuite>